p/wally14_345.png 1 0 0 40 40
p/wally14_330.png 1 0 0 40 40
p/wally14_315.png 1 0 0 40 40
p/wally14_300.png 1 0 0 40 40
p/wally14_285.png 1 0 0 40 40
p/wally14_270.png 1 0 0 40 40
p/wally14_255.png 1 0 0 40 40
p/wally14_240.png 1 0 0 40 40
p/wally14_225.png 1 0 0 40 40
p/wally14_210.png 1 0 0 40 40
p/wally14_180.png 1 0 0 40 40
p/wally14_195.png 1 0 0 40 40
p/wally14_165.png 1 0 0 40 40
p/wally14_150.png 1 0 0 40 40
p/wally14_135.png 1 0 0 40 40
p/wally14_120.png 1 0 0 40 40
p/wally14_105.png 1 0 0 40 40
p/wally14_75.png 1 0 0 40 40
p/wally14_90.png 1 0 0 40 40
p/wally14_60.png 1 0 0 40 40
p/wally14_30.png 1 0 0 40 40
p/wally14_45.png 1 0 0 40 40
p/wally14_15.png 1 0 0 40 40
p/wally13_345.png 1 0 0 40 40
p/wally13_330.png 1 0 0 40 40
p/wally13_300.png 1 0 0 40 40
p/wally13_315.png 1 0 0 40 40
p/wally13_285.png 1 0 0 40 40
p/wally13_270.png 1 0 0 40 40
p/wally13_255.png 1 0 0 40 40
p/wally13_240.png 1 0 0 40 40
p/wally13_225.png 1 0 0 40 40
p/wally13_210.png 1 0 0 40 40
p/wally13_195.png 1 0 0 40 40
p/wally13_180.png 1 0 0 40 40
p/wally13_165.png 1 0 0 40 40
p/wally13_150.png 1 0 0 40 40
p/wally13_135.png 1 0 0 40 40
p/wally13_120.png 1 0 0 40 40
p/wally13_105.png 1 0 0 40 40
p/wally13_90.png 1 0 0 40 40
p/wally13_75.png 1 0 0 40 40
p/wally13_60.png 1 0 0 40 40
p/wally13_45.png 1 0 0 40 40
p/wally13_30.png 1 0 0 40 40
p/wally13_15.png 1 0 0 40 40
p/wally12_345.png 1 0 0 40 40
p/wally12_315.png 1 0 0 40 40
p/wally12_330.png 1 0 0 40 40
p/wally12_300.png 1 0 0 40 40
p/wally12_270.png 1 0 0 40 40
p/wally12_285.png 1 0 0 40 40
p/wally12_255.png 1 0 0 40 40
p/wally12_240.png 1 0 0 40 40
p/wally12_225.png 1 0 0 40 40
p/wally12_210.png 1 0 0 40 40
p/wally12_195.png 1 0 0 40 40
p/wally12_180.png 1 0 0 40 40
p/wally12_165.png 1 0 0 40 40
p/wally12_150.png 1 0 0 40 40
p/wally12_135.png 1 0 0 40 40
p/wally12_120.png 1 0 0 40 40
p/wally12_105.png 1 0 0 40 40
p/wally12_75.png 1 0 0 40 40
p/wally12_90.png 1 0 0 40 40
p/wally12_60.png 1 0 0 40 40
p/wally12_45.png 1 0 0 40 40
p/wally12_30.png 1 0 0 40 40
p/wally12_15.png 1 0 0 40 40
p/wally11_345.png 1 0 0 40 40
p/wally11_330.png 1 0 0 40 40
p/wally11_315.png 1 0 0 40 40
p/wally11_300.png 1 0 0 40 40
p/wally11_285.png 1 0 0 40 40
p/wally11_270.png 1 0 0 40 40
p/wally11_255.png 1 0 0 40 40
p/wally11_240.png 1 0 0 40 40
p/wally11_225.png 1 0 0 40 40
p/wally11_210.png 1 0 0 40 40
p/wally11_195.png 1 0 0 40 40
p/wally11_180.png 1 0 0 40 40
p/wally11_165.png 1 0 0 40 40
p/wally11_150.png 1 0 0 40 40
p/wally11_135.png 1 0 0 40 40
p/wally11_120.png 1 0 0 40 40
p/wally11_105.png 1 0 0 40 40
p/wally11_90.png 1 0 0 40 40
p/wally11_75.png 1 0 0 40 40
p/wally11_60.png 1 0 0 40 40
p/wally11_45.png 1 0 0 40 40
p/wally11_30.png 1 0 0 40 40
p/wally11_15.png 1 0 0 40 40
p/wally10_345.png 1 0 0 40 40
p/wally10_315.png 1 0 0 40 40
p/wally10_330.png 1 0 0 40 40
p/wally10_300.png 1 0 0 40 40
p/wally10_285.png 1 0 0 40 40
p/wally10_270.png 1 0 0 40 40
p/wally10_255.png 1 0 0 40 40
p/wally10_240.png 1 0 0 40 40
p/wally10_225.png 1 0 0 40 40
p/wally10_210.png 1 0 0 40 40
p/wally10_195.png 1 0 0 40 40
p/wally10_180.png 1 0 0 40 40
p/wally10_165.png 1 0 0 40 40
p/wally10_150.png 1 0 0 40 40
p/wally10_135.png 1 0 0 40 40
p/wally10_120.png 1 0 0 40 40
p/wally10_105.png 1 0 0 40 40
p/wally10_90.png 1 0 0 40 40
p/wally10_75.png 1 0 0 40 40
p/wally10_60.png 1 0 0 40 40
p/wally10_45.png 1 0 0 40 40
p/wally10_30.png 1 0 0 40 40
p/wally10_15.png 1 0 0 40 40
p/wally9_345.png 1 0 0 40 40
p/wally9_330.png 1 0 0 40 40
p/wally9_315.png 1 0 0 40 40
p/wally9_300.png 1 0 0 40 40
p/wally9_285.png 1 0 0 40 40
p/wally9_270.png 1 0 0 40 40
p/wally9_255.png 1 0 0 40 40
p/wally9_240.png 1 0 0 40 40
p/wally9_225.png 1 0 0 40 40
p/wally9_210.png 1 0 0 40 40
p/wally9_195.png 1 0 0 40 40
p/wally9_180.png 1 0 0 40 40
p/wally9_165.png 1 0 0 40 40
p/wally9_150.png 1 0 0 40 40
p/wally9_135.png 1 0 0 40 40
p/wally9_120.png 1 0 0 40 40
p/wally9_105.png 1 0 0 40 40
p/wally9_90.png 1 0 0 40 40
p/wally9_75.png 1 0 0 40 40
p/wally9_60.png 1 0 0 40 40
p/wally9_45.png 1 0 0 40 40
p/wally9_30.png 1 0 0 40 40
p/wally9_15.png 1 0 0 40 40
p/wally8_345.png 1 0 0 40 40
p/wally8_330.png 1 0 0 40 40
p/wally8_315.png 1 0 0 40 40
p/wally8_300.png 1 0 0 40 40
p/wally8_285.png 1 0 0 40 40
p/wally8_270.png 1 0 0 40 40
p/wally8_255.png 1 0 0 40 40
p/wally8_240.png 1 0 0 40 40
p/wally8_210.png 1 0 0 40 40
p/wally8_225.png 1 0 0 40 40
p/wally8_195.png 1 0 0 40 40
p/wally8_180.png 1 0 0 40 40
p/wally8_165.png 1 0 0 40 40
p/wally8_150.png 1 0 0 40 40
p/wally8_135.png 1 0 0 40 40
p/wally8_120.png 1 0 0 40 40
p/wally8_105.png 1 0 0 40 40
p/wally8_90.png 1 0 0 40 40
p/wally8_75.png 1 0 0 40 40
p/wally8_60.png 1 0 0 40 40
p/wally8_45.png 1 0 0 40 40
p/wally8_30.png 1 0 0 40 40
p/wally8_15.png 1 0 0 40 40
p/wally8_0.png 1 0 0 40 40
p/wally7_345.png 1 0 0 40 40
p/wally7_330.png 1 0 0 40 40
p/wally7_315.png 1 0 0 40 40
p/wally7_300.png 1 0 0 40 40
p/wally7_285.png 1 0 0 40 40
p/wally7_270.png 1 0 0 40 40
p/wally7_255.png 1 0 0 40 40
p/wally7_240.png 1 0 0 40 40
p/wally7_225.png 1 0 0 40 40
p/wally7_210.png 1 0 0 40 40
p/wally7_195.png 1 0 0 40 40
p/wally7_180.png 1 0 0 40 40
p/wally7_165.png 1 0 0 40 40
p/wally7_150.png 1 0 0 40 40
p/wally7_135.png 1 0 0 40 40
p/wally7_120.png 1 0 0 40 40
p/wally7_105.png 1 0 0 40 40
p/wally7_90.png 1 0 0 40 40
p/wally7_75.png 1 0 0 40 40
p/wally7_45.png 1 0 0 40 40
p/wally7_60.png 1 0 0 40 40
p/wally7_30.png 1 0 0 40 40
p/wally7_15.png 1 0 0 40 40
p/wally6_345.png 1 0 0 40 40
p/wally6_330.png 1 0 0 40 40
p/wally6_315.png 1 0 0 40 40
p/wally6_300.png 1 0 0 40 40
p/wally6_285.png 1 0 0 40 40
p/wally6_270.png 1 0 0 40 40
p/wally6_255.png 1 0 0 40 40
p/wally6_240.png 1 0 0 40 40
p/wally6_225.png 1 0 0 40 40
p/wally6_210.png 1 0 0 40 40
p/wally6_195.png 1 0 0 40 40
p/wally6_180.png 1 0 0 40 40
p/wally6_165.png 1 0 0 40 40
p/wally6_150.png 1 0 0 40 40
p/wally6_135.png 1 0 0 40 40
p/wally6_120.png 1 0 0 40 40
p/wally6_105.png 1 0 0 40 40
p/wally6_90.png 1 0 0 40 40
p/wally6_75.png 1 0 0 40 40
p/wally6_60.png 1 0 0 40 40
p/wally6_45.png 1 0 0 40 40
p/wally6_30.png 1 0 0 40 40
p/wally6_15.png 1 0 0 40 40
p/wally5_345.png 1 0 0 40 40
p/wally5_330.png 1 0 0 40 40
p/wally5_315.png 1 0 0 40 40
p/wally5_300.png 1 0 0 40 40
p/wally5_285.png 1 0 0 40 40
p/wally5_270.png 1 0 0 40 40
p/wally5_255.png 1 0 0 40 40
p/wally5_240.png 1 0 0 40 40
p/wally5_225.png 1 0 0 40 40
p/wally5_210.png 1 0 0 40 40
p/wally5_195.png 1 0 0 40 40
p/wally5_180.png 1 0 0 40 40
p/wally5_165.png 1 0 0 40 40
p/wally5_150.png 1 0 0 40 40
p/wally5_135.png 1 0 0 40 40
p/wally5_120.png 1 0 0 40 40
p/wally5_105.png 1 0 0 40 40
p/wally5_90.png 1 0 0 40 40
p/wally5_75.png 1 0 0 40 40
p/wally5_60.png 1 0 0 40 40
p/wally5_45.png 1 0 0 40 40
p/wally5_30.png 1 0 0 40 40
p/wally5_15.png 1 0 0 40 40
p/wally4_345.png 1 0 0 40 40
p/wally4_330.png 1 0 0 40 40
p/wally4_315.png 1 0 0 40 40
p/wally4_300.png 1 0 0 40 40
p/wally4_285.png 1 0 0 40 40
p/wally4_270.png 1 0 0 40 40
p/wally4_255.png 1 0 0 40 40
p/wally4_240.png 1 0 0 40 40
p/wally4_225.png 1 0 0 40 40
p/wally4_195.png 1 0 0 40 40
p/wally4_210.png 1 0 0 40 40
p/wally4_180.png 1 0 0 40 40
p/wally4_165.png 1 0 0 40 40
p/wally4_150.png 1 0 0 40 40
p/wally4_135.png 1 0 0 40 40
p/wally4_120.png 1 0 0 40 40
p/wally4_105.png 1 0 0 40 40
p/wally4_90.png 1 0 0 40 40
p/wally4_75.png 1 0 0 40 40
p/wally4_45.png 1 0 0 40 40
p/wally4_60.png 1 0 0 40 40
p/wally4_30.png 1 0 0 40 40
p/wally4_15.png 1 0 0 40 40
p/wally3_345.png 1 0 0 40 40
p/wally3_330.png 1 0 0 40 40
p/wally3_315.png 1 0 0 40 40
p/wally3_300.png 1 0 0 40 40
p/wally3_285.png 1 0 0 40 40
p/wally3_270.png 1 0 0 40 40
p/wally3_255.png 1 0 0 40 40
p/wally3_240.png 1 0 0 40 40
p/wally3_225.png 1 0 0 40 40
p/wally3_210.png 1 0 0 40 40
p/wally3_195.png 1 0 0 40 40
p/wally3_180.png 1 0 0 40 40
p/wally3_165.png 1 0 0 40 40
p/wally3_150.png 1 0 0 40 40
p/wally3_135.png 1 0 0 40 40
p/wally3_120.png 1 0 0 40 40
p/wally3_105.png 1 0 0 40 40
p/wally3_90.png 1 0 0 40 40
p/wally3_75.png 1 0 0 40 40
p/wally3_60.png 1 0 0 40 40
p/wally3_45.png 1 0 0 40 40
p/wally3_30.png 1 0 0 40 40
p/wally3_15.png 1 0 0 40 40
p/wally2_345.png 1 0 0 40 40
p/wally2_330.png 1 0 0 40 40
p/wally2_315.png 1 0 0 40 40
p/wally2_300.png 1 0 0 40 40
p/wally2_285.png 1 0 0 40 40
p/wally2_270.png 1 0 0 40 40
p/wally2_255.png 1 0 0 40 40
p/wally2_240.png 1 0 0 40 40
p/wally2_225.png 1 0 0 40 40
p/wally2_210.png 1 0 0 40 40
p/wally2_195.png 1 0 0 40 40
p/wally2_180.png 1 0 0 40 40
p/wally2_165.png 1 0 0 40 40
p/wally2_150.png 1 0 0 40 40
p/wally2_135.png 1 0 0 40 40
p/wally2_120.png 1 0 0 40 40
p/wally2_105.png 1 0 0 40 40
p/wally2_90.png 1 0 0 40 40
p/wally2_75.png 1 0 0 40 40
p/wally2_60.png 1 0 0 40 40
p/wally2_45.png 1 0 0 40 40
p/wally2_30.png 1 0 0 40 40
p/wally2_15.png 1 0 0 40 40
p/wally1_345.png 1 0 0 40 40
p/wally1_330.png 1 0 0 40 40
p/wally1_315.png 1 0 0 40 40
p/wally1_300.png 1 0 0 40 40
p/wally1_285.png 1 0 0 40 40
p/wally1_270.png 1 0 0 40 40
p/wally1_255.png 1 0 0 40 40
p/wally1_240.png 1 0 0 40 40
p/wally1_225.png 1 0 0 40 40
p/wally1_210.png 1 0 0 40 40
p/wally1_195.png 1 0 0 40 40
p/wally1_180.png 1 0 0 40 40
p/wally1_165.png 1 0 0 40 40
p/wally1_150.png 1 0 0 40 40
p/wally1_135.png 1 0 0 40 40
p/wally1_120.png 1 0 0 40 40
p/wally1_105.png 1 0 0 40 40
p/wally1_90.png 1 0 0 40 40
p/wally1_75.png 1 0 0 40 40
p/wally1_60.png 1 0 0 40 40
p/wally1_45.png 1 0 0 40 40
p/wally1_30.png 1 0 0 40 40
p/wally1_15.png 1 0 0 40 40
p/wally_345.png 1 0 0 40 40
p/wally_330.png 1 0 0 40 40
p/wally_315.png 1 0 0 40 40
p/wally_300.png 1 0 0 40 40
p/wally_285.png 1 0 0 40 40
p/wally_270.png 1 0 0 40 40
p/wally_255.png 1 0 0 40 40
p/wally_240.png 1 0 0 40 40
p/wally_225.png 1 0 0 40 40
p/wally_210.png 1 0 0 40 40
p/wally_195.png 1 0 0 40 40
p/wally_180.png 1 0 0 40 40
p/wally_165.png 1 0 0 40 40
p/wally_150.png 1 0 0 40 40
p/wally_120.png 1 0 0 40 40
p/wally_135.png 1 0 0 40 40
p/wally_105.png 1 0 0 40 40
p/wally_90.png 1 0 0 40 40
p/wally_75.png 1 0 0 40 40
p/wally_60.png 1 0 0 40 40
p/wally_30.png 1 0 0 40 40
p/wally_45.png 1 0 0 40 40
p/wally_15.png 1 0 0 40 40
p/97.png 1 0 0 40 40
p/95.png 1 0 0 40 40
p/93.png 1 0 0 40 40
p/92.png 1 0 0 40 40
p/91.png 1 0 0 40 40
p/9.png 1 0 0 40 40
p/89.png 1 0 0 40 40
p/87.jpg 1 0 0 40 40
p/86.png 1 0 0 40 40
p/85.png 1 0 0 40 40
p/84.png 1 0 0 40 40
p/83.png 1 0 0 40 40
p/82.png 1 0 0 40 40
p/81.png 1 0 0 40 40
p/80.png 1 0 0 40 40
p/79.png 1 0 0 40 40
p/8.png 1 0 0 40 40
p/78.png 1 0 0 40 40
p/77.png 1 0 0 40 40
p/74.png 1 0 0 40 40
p/73.png 1 0 0 40 40
p/72.png 1 0 0 40 40
p/71.png 1 0 0 40 40
p/70.png 1 0 0 40 40
p/69.png 1 0 0 40 40
p/68.png 1 0 0 40 40
p/66.png 1 0 0 40 40
p/65.png 1 0 0 40 40
p/63.jpg 1 0 0 40 40
p/61.png 1 0 0 40 40
p/60.png 1 0 0 40 40
p/6.png 1 0 0 40 40
p/56.png 1 0 0 40 40
p/55.png 1 0 0 40 40
p/54.png 1 0 0 40 40
p/52.png 1 0 0 40 40
p/51.jpg 1 0 0 40 40
p/50.png 1 0 0 40 40
p/5.png 1 0 0 40 40
p/49.png 1 0 0 40 40
p/48.png 1 0 0 40 40
p/45.png 1 0 0 40 40
p/44.png 1 0 0 40 40
p/43.png 1 0 0 40 40
p/42.png 1 0 0 40 40
p/41.png 1 0 0 40 40
p/38.png 1 0 0 40 40
p/37.png 1 0 0 40 40
p/36.png 1 0 0 40 40
p/33.png 1 0 0 40 40
p/317.png 1 0 0 40 40
p/316.png 1 0 0 40 40
p/315.png 1 0 0 40 40
p/314.png 1 0 0 40 40
p/313.png 1 0 0 40 40
p/312.png 1 0 0 40 40
p/311.png 1 0 0 40 40
p/310.png 1 0 0 40 40
p/309.png 1 0 0 40 40
p/308.png 1 0 0 40 40
p/306.png 1 0 0 40 40
p/305.png 1 0 0 40 40
p/30.png 1 0 0 40 40
p/290.png 1 0 0 40 40
p/289.png 1 0 0 40 40
p/288.png 1 0 0 40 40
p/287.png 1 0 0 40 40
p/286.png 1 0 0 40 40
p/283.jpg 1 0 0 40 40
p/282.png 1 0 0 40 40
p/281.png 1 0 0 40 40
p/280.png 1 0 0 40 40
p/279.png 1 0 0 40 40
p/278.png 1 0 0 40 40
p/271.jpg 1 0 0 40 40
p/27.jpg 1 0 0 40 40
p/267.png 1 0 0 40 40
p/265.png 1 0 0 40 40
p/26.png 1 0 0 40 40
p/259.jpg 1 0 0 40 40
p/257.png 1 0 0 40 40
p/255.png 1 0 0 40 40
p/254.png 1 0 0 40 40
p/244.png 1 0 0 40 40
p/243.png 1 0 0 40 40
p/240.png 1 0 0 40 40
p/238.png 1 0 0 40 40
p/237.png 1 0 0 40 40
p/235.png 1 0 0 40 40
p/230.png 1 0 0 40 40
p/229.png 1 0 0 40 40
p/228.png 1 0 0 40 40
p/227.png 1 0 0 40 40
p/226.png 1 0 0 40 40
p/225.png 1 0 0 40 40
p/221.jpg 1 0 0 40 40
p/220.png 1 0 0 40 40
p/218.png 1 0 0 40 40
p/217.png 1 0 0 40 40
p/215.png 1 0 0 40 40
p/214.png 1 0 0 40 40
p/211.png 1 0 0 40 40
p/207.png 1 0 0 40 40
p/205.png 1 0 0 40 40
p/204.png 1 0 0 40 40
p/203.png 1 0 0 40 40
p/202.png 1 0 0 40 40
p/201.png 1 0 0 40 40
p/200.png 1 0 0 40 40
p/2.png 1 0 0 40 40
p/199.png 1 0 0 40 40
p/197.jpg 1 0 0 40 40
p/196.png 1 0 0 40 40
p/195.png 1 0 0 40 40
p/193.png 1 0 0 40 40
p/192.png 1 0 0 40 40
p/189.png 1 0 0 40 40
p/188.png 1 0 0 40 40
p/187.png 1 0 0 40 40
p/185.jpg 1 0 0 40 40
p/184.png 1 0 0 40 40
p/183.png 1 0 0 40 40
p/182.png 1 0 0 40 40
p/181.png 1 0 0 40 40
p/180.png 1 0 0 40 40
p/18.png 1 0 0 40 40
p/179.png 1 0 0 40 40
p/178.png 1 0 0 40 40
p/177.png 1 0 0 40 40
p/176.png 1 0 0 40 40
p/175.png 1 0 0 40 40
p/173.jpg 1 0 0 40 40
p/172.png 1 0 0 40 40
p/167.png 1 0 0 40 40
p/166.png 1 0 0 40 40
p/165.png 1 0 0 40 40
p/164.png 1 0 0 40 40
p/163.png 1 0 0 40 40
p/160.png 1 0 0 40 40
p/158.png 1 0 0 40 40
p/156.png 1 0 0 40 40
p/154.png 1 0 0 40 40
p/153.png 1 0 0 40 40
p/152.png 1 0 0 40 40
p/151.png 1 0 0 40 40
p/15.jpg 1 0 0 40 40
p/148.png 1 0 0 40 40
p/147.png 1 0 0 40 40
p/146.png 1 0 0 40 40
p/145.png 1 0 0 40 40
p/144.png 1 0 0 40 40
p/143.png 1 0 0 40 40
p/142.png 1 0 0 40 40
p/141.png 1 0 0 40 40
p/140.png 1 0 0 40 40
p/136.png 1 0 0 40 40
p/135.png 1 0 0 40 40
p/134.png 1 0 0 40 40
p/133.png 1 0 0 40 40
p/132.png 1 0 0 40 40
p/130.png 1 0 0 40 40
p/13.png 1 0 0 40 40
p/129.png 1 0 0 40 40
p/128.png 1 0 0 40 40
p/127.png 1 0 0 40 40
p/123.jpg 1 0 0 40 40
p/122.png 1 0 0 40 40
p/121.png 1 0 0 40 40
p/120.png 1 0 0 40 40
p/119.png 1 0 0 40 40
p/118.png 1 0 0 40 40
p/115.png 1 0 0 40 40
p/112.png 1 0 0 40 40
p/11.png 1 0 0 40 40
p/109.png 1 0 0 40 40
p/106.png 1 0 0 40 40
p/105.png 1 0 0 40 40
p/104.png 1 0 0 40 40
p/103.png 1 0 0 40 40
p/102.png 1 0 0 40 40
p/101.png 1 0 0 40 40
p/10.png 1 0 0 40 40
p/1.jpg 1 0 0 40 40